<?xml version="1.0" encoding="UTF-8"?>
<testsuite xmlns:xsi="http://www.w3.org/2001/XMLSchema-instance" xsi:noNamespaceSchemaLocation="https://maven.apache.org/surefire/maven-surefire-plugin/xsd/surefire-test-report.xsd" name="MyTest" time="0.061" tests="12" errors="0" skipped="0" failures="0">
  <properties>
[...]
</properties>
  <testcase name="testCalculatePrize_Spot1Boundary" classname="MyTest" time="0.024"/>
  <testcase name="testCalculatePrize_NegativeValues" classname="MyTest" time="0"/>
  <testcase name="testCalculatePrize_Spot10Boundary" classname="MyTest" time="0.001"/>
  <testcase name="testAddToTopGames_SameAsMaxSize" classname="MyTest" time="0.001"/>
  <testcase name="testAddToTopGames" classname="MyTest" time="0.002"/>
  <testcase name="testCalculatePrize_Spot2Boundary" classname="MyTest" time="0"/>
  <testcase name="testAddToTopGames_EmptyStart" classname="MyTest" time="0.002"/>
  <testcase name="testAddTopGames" classname="MyTest" time="0.001"/>
  <testcase name="testCalculatePrize_Spot4Boundary" classname="MyTest" time="0.001"/>
  <testcase name="testCalculatePrize_InvalidMatches" classname="MyTest" time="0"/>
  <testcase name="testCalculatePrize_AllSpots" classname="MyTest" time="0.002"/>
  <testcase name="testCalculatePrize" classname="MyTest" time="0.001"/>
</testsuite>